GL_LOG_FILE log. local time Thu Nov 17 22:09:19 2016

HARDWARE_INFO:
Renderer device is Intel(R) HD Graphics 4000
OpenGL version supported is 3.2.0 - Build 10.18.10.4276
-----------------
GL CONTEXT PARAMETERS:
GL_MAX_COMBINED_TEXTURE_IMAGE_UNITS 96
GL_MAX_CUBE_MAP_TEXTURE_SIZE 16384
GL_MAX_DRAW_BUFFERS 8
GL_MAX_FRAGMENT_UNIFORM_COMPONENTS 4096
GL_MAX_TEXTURE_IMAGE_UNITS 16
GL_MAX_TEXTURE_SIZE 16384
GL_MAX_VARYING_FLOATS 64
GL_MAX_VERTEX_ATTRIBS 16
GL_MAX_VERTEX_TEXTURE_IMAGE_UNITS 16
GL_MAX_VERTEX_UNIFORM_COMPONENTS 4096
GL_MAX_VIEWPORT_DIMS 16384 16384
GL_STEREO 0
GL_MAX_SAMPLES 8 
---------------------------------------
Starting GLFW
3.2.1 Win32 WGL EGL VisualC
